<?xml version="1.0" encoding="UTF-8" ?>
<testsuite tests="6" failures="1" name="TestSuite" time="1.664" errors="0" skipped="5">
  <properties>
[...]
</properties>
  <testcase classname="Driver.SuperTest" name="init" time="1.659">
    <failure type="java.lang.ExceptionInInitializerError">java.lang.ExceptionInInitializerError
	at Driver.SuperTest.init(SuperTest.java:17)
Caused by: java.lang.IllegalStateException: The path to the driver executable must be set by the webdriver.chrome.driver system property; for more information, see https://github.com/SeleniumHQ/selenium/wiki/ChromeDriver. The latest version can be downloaded from http://chromedriver.storage.googleapis.com/index.html
	at com.google.common.base.Preconditions.checkState(Preconditions.java:847)
	at org.openqa.selenium.remote.service.DriverService.findExecutable(DriverService.java:134)
	at org.openqa.selenium.chrome.ChromeDriverService.access$000(ChromeDriverService.java:35)
	at org.openqa.selenium.chrome.ChromeDriverService$Builder.findDefaultExecutable(ChromeDriverService.java:159)
	at org.openqa.selenium.remote.service.DriverService$Builder.build(DriverService.java:355)
	at org.openqa.selenium.chrome.ChromeDriverService.createDefaultService(ChromeDriverService.java:94)
	at org.openqa.selenium.chrome.ChromeDriver.&lt;init&gt;(ChromeDriver.java:123)
	at Driver.MainDriver.&lt;clinit&gt;(MainDriver.java:12)
	... 35 more
</failure>
    <system-out>Configuring TestNG with: org.apache.maven.surefire.testng.conf.TestNG652Configurator@50cbc42f
</system-out>
  </testcase>
  <testcase classname="Driver.SuperTest" name="saintPeterburgBankTest" time="0.001">
    <skipped/>
  </testcase>
  <testcase classname="FirstTest" name="firstTest" time="0">
    <skipped/>
  </testcase>
  <testcase classname="FirstTest" name="secondTest" time="0">
    <skipped/>
  </testcase>
  <testcase classname="FirstTest" name="tearDown" time="0.001">
    <skipped/>
  </testcase>
  <testcase classname="Driver.SuperTest" name="tearDown" time="0.003">
    <skipped/>
  </testcase>
</testsuite>